<?xml version="1.0" encoding="UTF-8"?>
<coverage generated="1712737857100" clover="3.2.0">
  <project timestamp="1712737857100" name="All files">
    <metrics statements="100" coveredstatements="87" conditionals="48" coveredconditionals="42" methods="19" coveredmethods="18" elements="167" coveredelements="147" complexity="0" loc="100" ncloc="100" packages="1" files="3" classes="3"/>
    <file name="game.js" path="/Users/juliaveenkamp/Dev/JavaScript/Rock-Paper-Scissors/src/game.js">
      <metrics statements="44" coveredstatements="44" conditionals="26" coveredconditionals="26" methods="8" coveredmethods="8"/>
      <line num="3" count="33" type="stmt"/>
      <line num="4" count="33" type="stmt"/>
      <line num="5" count="33" type="stmt"/>
      <line num="6" count="33" type="stmt"/>
      <line num="7" count="33" type="stmt"/>
      <line num="8" count="33" type="stmt"/>
      <line num="13" count="10" type="stmt"/>
      <line num="18" count="13" type="cond" truecount="2" falsecount="0"/>
      <line num="19" count="2" type="stmt"/>
      <line num="20" count="11" type="cond" truecount="2" falsecount="0"/>
      <line num="21" count="8" type="stmt"/>
      <line num="23" count="3" type="stmt"/>
      <line num="28" count="25" type="stmt"/>
      <line num="29" count="25" type="stmt"/>
      <line num="33" count="22" type="cond" truecount="2" falsecount="0"/>
      <line num="34" count="7" type="stmt"/>
      <line num="35" count="15" type="cond" truecount="2" falsecount="0"/>
      <line num="36" count="8" type="stmt"/>
      <line num="38" count="7" type="stmt"/>
      <line num="44" count="28" type="cond" truecount="2" falsecount="0"/>
      <line num="45" count="8" type="stmt"/>
      <line num="46" count="8" type="stmt"/>
      <line num="49" count="20" type="cond" truecount="2" falsecount="0"/>
      <line num="51" count="7" type="cond" truecount="2" falsecount="0"/>
      <line num="52" count="5" type="stmt"/>
      <line num="53" count="5" type="stmt"/>
      <line num="57" count="2" type="stmt"/>
      <line num="58" count="2" type="stmt"/>
      <line num="62" count="13" type="cond" truecount="2" falsecount="0"/>
      <line num="64" count="9" type="cond" truecount="2" falsecount="0"/>
      <line num="65" count="4" type="stmt"/>
      <line num="66" count="4" type="stmt"/>
      <line num="70" count="5" type="stmt"/>
      <line num="71" count="5" type="stmt"/>
      <line num="77" count="4" type="cond" truecount="2" falsecount="0"/>
      <line num="78" count="1" type="stmt"/>
      <line num="79" count="1" type="stmt"/>
      <line num="83" count="3" type="stmt"/>
      <line num="84" count="3" type="stmt"/>
      <line num="91" count="22" type="stmt"/>
      <line num="92" count="22" type="stmt"/>
      <line num="93" count="22" type="stmt"/>
      <line num="98" count="1" type="stmt"/>
      <line num="109" count="2" type="stmt"/>
    </file>
    <file name="htmlupdater.js" path="/Users/juliaveenkamp/Dev/JavaScript/Rock-Paper-Scissors/src/htmlupdater.js">
      <metrics statements="17" coveredstatements="17" conditionals="14" coveredconditionals="14" methods="3" coveredmethods="3"/>
      <line num="3" count="3" type="stmt"/>
      <line num="17" count="12" type="stmt"/>
      <line num="18" count="12" type="stmt"/>
      <line num="19" count="12" type="stmt"/>
      <line num="22" count="12" type="cond" truecount="2" falsecount="0"/>
      <line num="23" count="4" type="stmt"/>
      <line num="24" count="8" type="cond" truecount="4" falsecount="0"/>
      <line num="25" count="3" type="stmt"/>
      <line num="26" count="5" type="cond" truecount="4" falsecount="0"/>
      <line num="27" count="3" type="stmt"/>
      <line num="29" count="2" type="stmt"/>
      <line num="35" count="6" type="cond" truecount="2" falsecount="0"/>
      <line num="36" count="2" type="stmt"/>
      <line num="37" count="4" type="cond" truecount="2" falsecount="0"/>
      <line num="38" count="2" type="stmt"/>
      <line num="40" count="2" type="stmt"/>
      <line num="45" count="1" type="stmt"/>
    </file>
    <file name="play.js" path="/Users/juliaveenkamp/Dev/JavaScript/Rock-Paper-Scissors/src/play.js">
      <metrics statements="39" coveredstatements="26" conditionals="8" coveredconditionals="2" methods="8" coveredmethods="7"/>
      <line num="3" count="6" type="stmt"/>
      <line num="4" count="6" type="stmt"/>
      <line num="5" count="6" type="stmt"/>
      <line num="9" count="20" type="stmt"/>
      <line num="10" count="20" type="stmt"/>
      <line num="11" count="20" type="stmt"/>
      <line num="12" count="20" type="stmt"/>
      <line num="13" count="20" type="stmt"/>
      <line num="17" count="6" type="stmt"/>
      <line num="18" count="6" type="stmt"/>
      <line num="19" count="20" type="stmt"/>
      <line num="24" count="20" type="stmt"/>
      <line num="25" count="20" type="stmt"/>
      <line num="26" count="20" type="stmt"/>
      <line num="27" count="20" type="stmt"/>
      <line num="28" count="20" type="stmt"/>
      <line num="29" count="20" type="stmt"/>
      <line num="30" count="20" type="stmt"/>
      <line num="35" count="20" type="cond" truecount="1" falsecount="1"/>
      <line num="36" count="20" type="stmt"/>
      <line num="37" count="20" type="stmt"/>
      <line num="38" count="0" type="cond" truecount="0" falsecount="2"/>
      <line num="39" count="0" type="stmt"/>
      <line num="40" count="0" type="stmt"/>
      <line num="42" count="0" type="stmt"/>
      <line num="43" count="0" type="stmt"/>
      <line num="47" count="20" type="cond" truecount="1" falsecount="1"/>
      <line num="48" count="20" type="stmt"/>
      <line num="49" count="20" type="stmt"/>
      <line num="50" count="0" type="cond" truecount="0" falsecount="2"/>
      <line num="51" count="0" type="stmt"/>
      <line num="52" count="0" type="stmt"/>
      <line num="54" count="0" type="stmt"/>
      <line num="55" count="0" type="stmt"/>
      <line num="61" count="1" type="stmt"/>
      <line num="62" count="0" type="stmt"/>
      <line num="63" count="0" type="stmt"/>
      <line num="64" count="0" type="stmt"/>
      <line num="67" count="1" type="stmt"/>
    </file>
  </project>
</coverage>
