{"/Users/juliaveenkamp/Dev/JavaScript/Rock-Paper-Scissors/src/game.js": {"path":"/Users/juliaveenkamp/Dev/JavaScript/Rock-Paper-Scissors/src/game.js","statementMap":{"0":{"start":{"line":3,"column":8},"end":{"line":3,"column":39}},"1":{"start":{"line":4,"column":8},"end":{"line":4,"column":43}},"2":{"start":{"line":5,"column":8},"end":{"line":5,"column":25}},"3":{"start":{"line":6,"column":8},"end":{"line":6,"column":37}},"4":{"start":{"line":7,"column":8},"end":{"line":7,"column":37}},"5":{"start":{"line":8,"column":8},"end":{"line":8,"column":27}},"6":{"start":{"line":13,"column":8},"end":{"line":13,"column":65}},"7":{"start":{"line":18,"column":8},"end":{"line":24,"column":9}},"8":{"start":{"line":19,"column":12},"end":{"line":19,"column":26}},"9":{"start":{"line":20,"column":15},"end":{"line":24,"column":9}},"10":{"start":{"line":21,"column":12},"end":{"line":21,"column":27}},"11":{"start":{"line":23,"column":12},"end":{"line":23,"column":29}},"12":{"start":{"line":28,"column":8},"end":{"line":28,"column":42}},"13":{"start":{"line":29,"column":8},"end":{"line":29,"column":46}},"14":{"start":{"line":33,"column":8},"end":{"line":39,"column":9}},"15":{"start":{"line":34,"column":12},"end":{"line":34,"column":36}},"16":{"start":{"line":35,"column":15},"end":{"line":39,"column":9}},"17":{"start":{"line":36,"column":12},"end":{"line":36,"column":39}},"18":{"start":{"line":38,"column":12},"end":{"line":38,"column":41}},"19":{"start":{"line":44,"column":8},"end":{"line":86,"column":9}},"20":{"start":{"line":45,"column":12},"end":{"line":45,"column":27}},"21":{"start":{"line":46,"column":12},"end":{"line":46,"column":36}},"22":{"start":{"line":49,"column":13},"end":{"line":86,"column":9}},"23":{"start":{"line":51,"column":12},"end":{"line":59,"column":13}},"24":{"start":{"line":52,"column":16},"end":{"line":52,"column":38}},"25":{"start":{"line":53,"column":16},"end":{"line":53,"column":43}},"26":{"start":{"line":57,"column":16},"end":{"line":57,"column":40}},"27":{"start":{"line":58,"column":16},"end":{"line":58,"column":45}},"28":{"start":{"line":62,"column":13},"end":{"line":86,"column":9}},"29":{"start":{"line":64,"column":12},"end":{"line":72,"column":13}},"30":{"start":{"line":65,"column":16},"end":{"line":65,"column":40}},"31":{"start":{"line":66,"column":16},"end":{"line":66,"column":45}},"32":{"start":{"line":70,"column":16},"end":{"line":70,"column":38}},"33":{"start":{"line":71,"column":16},"end":{"line":71,"column":43}},"34":{"start":{"line":77,"column":12},"end":{"line":85,"column":13}},"35":{"start":{"line":78,"column":16},"end":{"line":78,"column":38}},"36":{"start":{"line":79,"column":16},"end":{"line":79,"column":43}},"37":{"start":{"line":83,"column":16},"end":{"line":83,"column":40}},"38":{"start":{"line":84,"column":16},"end":{"line":84,"column":45}},"39":{"start":{"line":91,"column":8},"end":{"line":91,"column":51}},"40":{"start":{"line":92,"column":8},"end":{"line":92,"column":61}},"41":{"start":{"line":93,"column":8},"end":{"line":93,"column":28}},"42":{"start":{"line":98,"column":8},"end":{"line":105,"column":10}},"43":{"start":{"line":109,"column":0},"end":{"line":109,"column":22}}},"fnMap":{"0":{"name":"(anonymous_0)","decl":{"start":{"line":2,"column":4},"end":{"line":2,"column":5}},"loc":{"start":{"line":2,"column":122},"end":{"line":9,"column":5}},"line":2},"1":{"name":"(anonymous_1)","decl":{"start":{"line":12,"column":4},"end":{"line":12,"column":5}},"loc":{"start":{"line":12,"column":20},"end":{"line":14,"column":5}},"line":12},"2":{"name":"(anonymous_2)","decl":{"start":{"line":17,"column":4},"end":{"line":17,"column":5}},"loc":{"start":{"line":17,"column":23},"end":{"line":25,"column":5}},"line":17},"3":{"name":"(anonymous_3)","decl":{"start":{"line":27,"column":4},"end":{"line":27,"column":5}},"loc":{"start":{"line":27,"column":42},"end":{"line":30,"column":5}},"line":27},"4":{"name":"(anonymous_4)","decl":{"start":{"line":32,"column":4},"end":{"line":32,"column":5}},"loc":{"start":{"line":32,"column":19},"end":{"line":40,"column":5}},"line":32},"5":{"name":"(anonymous_5)","decl":{"start":{"line":42,"column":4},"end":{"line":42,"column":5}},"loc":{"start":{"line":42,"column":52},"end":{"line":87,"column":5}},"line":42},"6":{"name":"(anonymous_6)","decl":{"start":{"line":90,"column":4},"end":{"line":90,"column":5}},"loc":{"start":{"line":90,"column":39},"end":{"line":94,"column":5}},"line":90},"7":{"name":"(anonymous_7)","decl":{"start":{"line":97,"column":4},"end":{"line":97,"column":5}},"loc":{"start":{"line":97,"column":15},"end":{"line":106,"column":5}},"line":97}},"branchMap":{"0":{"loc":{"start":{"line":2,"column":16},"end":{"line":2,"column":29}},"type":"default-arg","locations":[{"start":{"line":2,"column":28},"end":{"line":2,"column":29}}],"line":2},"1":{"loc":{"start":{"line":2,"column":31},"end":{"line":2,"column":46}},"type":"default-arg","locations":[{"start":{"line":2,"column":45},"end":{"line":2,"column":46}}],"line":2},"2":{"loc":{"start":{"line":2,"column":48},"end":{"line":2,"column":54}},"type":"default-arg","locations":[{"start":{"line":2,"column":53},"end":{"line":2,"column":54}}],"line":2},"3":{"loc":{"start":{"line":2,"column":56},"end":{"line":2,"column":69}},"type":"default-arg","locations":[{"start":{"line":2,"column":67},"end":{"line":2,"column":69}}],"line":2},"4":{"loc":{"start":{"line":2,"column":71},"end":{"line":2,"column":84}},"type":"default-arg","locations":[{"start":{"line":2,"column":82},"end":{"line":2,"column":84}}],"line":2},"5":{"loc":{"start":{"line":2,"column":86},"end":{"line":2,"column":120}},"type":"default-arg","locations":[{"start":{"line":2,"column":92},"end":{"line":2,"column":120}}],"line":2},"6":{"loc":{"start":{"line":18,"column":8},"end":{"line":24,"column":9}},"type":"if","locations":[{"start":{"line":18,"column":8},"end":{"line":24,"column":9}},{"start":{"line":20,"column":15},"end":{"line":24,"column":9}}],"line":18},"7":{"loc":{"start":{"line":20,"column":15},"end":{"line":24,"column":9}},"type":"if","locations":[{"start":{"line":20,"column":15},"end":{"line":24,"column":9}},{"start":{"line":22,"column":15},"end":{"line":24,"column":9}}],"line":20},"8":{"loc":{"start":{"line":33,"column":8},"end":{"line":39,"column":9}},"type":"if","locations":[{"start":{"line":33,"column":8},"end":{"line":39,"column":9}},{"start":{"line":35,"column":15},"end":{"line":39,"column":9}}],"line":33},"9":{"loc":{"start":{"line":35,"column":15},"end":{"line":39,"column":9}},"type":"if","locations":[{"start":{"line":35,"column":15},"end":{"line":39,"column":9}},{"start":{"line":37,"column":15},"end":{"line":39,"column":9}}],"line":35},"10":{"loc":{"start":{"line":44,"column":8},"end":{"line":86,"column":9}},"type":"if","locations":[{"start":{"line":44,"column":8},"end":{"line":86,"column":9}},{"start":{"line":49,"column":13},"end":{"line":86,"column":9}}],"line":44},"11":{"loc":{"start":{"line":49,"column":13},"end":{"line":86,"column":9}},"type":"if","locations":[{"start":{"line":49,"column":13},"end":{"line":86,"column":9}},{"start":{"line":62,"column":13},"end":{"line":86,"column":9}}],"line":49},"12":{"loc":{"start":{"line":51,"column":12},"end":{"line":59,"column":13}},"type":"if","locations":[{"start":{"line":51,"column":12},"end":{"line":59,"column":13}},{"start":{"line":56,"column":17},"end":{"line":59,"column":13}}],"line":51},"13":{"loc":{"start":{"line":62,"column":13},"end":{"line":86,"column":9}},"type":"if","locations":[{"start":{"line":62,"column":13},"end":{"line":86,"column":9}},{"start":{"line":75,"column":13},"end":{"line":86,"column":9}}],"line":62},"14":{"loc":{"start":{"line":64,"column":12},"end":{"line":72,"column":13}},"type":"if","locations":[{"start":{"line":64,"column":12},"end":{"line":72,"column":13}},{"start":{"line":69,"column":17},"end":{"line":72,"column":13}}],"line":64},"15":{"loc":{"start":{"line":77,"column":12},"end":{"line":85,"column":13}},"type":"if","locations":[{"start":{"line":77,"column":12},"end":{"line":85,"column":13}},{"start":{"line":82,"column":17},"end":{"line":85,"column":13}}],"line":77}},"s":{"0":46,"1":46,"2":46,"3":46,"4":46,"5":46,"6":27,"7":30,"8":8,"9":22,"10":12,"11":10,"12":43,"13":43,"14":40,"15":14,"16":26,"17":11,"18":15,"19":49,"20":14,"21":14,"22":35,"23":12,"24":6,"25":6,"26":6,"27":6,"28":23,"29":12,"30":7,"31":7,"32":5,"33":5,"34":11,"35":5,"36":5,"37":6,"38":6,"39":40,"40":40,"41":40,"42":1,"43":3},"f":{"0":46,"1":27,"2":30,"3":43,"4":40,"5":49,"6":40,"7":1},"b":{"0":[41],"1":[41],"2":[41],"3":[41],"4":[41],"5":[41],"6":[8,22],"7":[12,10],"8":[14,26],"9":[11,15],"10":[14,35],"11":[12,23],"12":[6,6],"13":[12,11],"14":[7,5],"15":[5,6]},"_coverageSchema":"1a1c01bbd47fc00a2c39e90264f33305004495a9","hash":"88cd2ec247b94fe140f0229f56ece2f198b2b37e"}
,"/Users/juliaveenkamp/Dev/JavaScript/Rock-Paper-Scissors/src/htmlupdater.js": {"path":"/Users/juliaveenkamp/Dev/JavaScript/Rock-Paper-Scissors/src/htmlupdater.js","statementMap":{"0":{"start":{"line":3,"column":8},"end":{"line":12,"column":10}},"1":{"start":{"line":17,"column":27},"end":{"line":17,"column":44}},"2":{"start":{"line":18,"column":27},"end":{"line":18,"column":48}},"3":{"start":{"line":19,"column":27},"end":{"line":19,"column":47}},"4":{"start":{"line":22,"column":8},"end":{"line":30,"column":9}},"5":{"start":{"line":23,"column":12},"end":{"line":23,"column":33}},"6":{"start":{"line":24,"column":15},"end":{"line":30,"column":9}},"7":{"start":{"line":25,"column":12},"end":{"line":25,"column":39}},"8":{"start":{"line":26,"column":15},"end":{"line":30,"column":9}},"9":{"start":{"line":27,"column":12},"end":{"line":27,"column":43}},"10":{"start":{"line":29,"column":12},"end":{"line":29,"column":42}},"11":{"start":{"line":35,"column":8},"end":{"line":41,"column":9}},"12":{"start":{"line":36,"column":12},"end":{"line":36,"column":31}},"13":{"start":{"line":37,"column":15},"end":{"line":41,"column":9}},"14":{"start":{"line":38,"column":12},"end":{"line":38,"column":40}},"15":{"start":{"line":40,"column":12},"end":{"line":40,"column":49}},"16":{"start":{"line":45,"column":0},"end":{"line":45,"column":29}}},"fnMap":{"0":{"name":"(anonymous_0)","decl":{"start":{"line":2,"column":4},"end":{"line":2,"column":5}},"loc":{"start":{"line":2,"column":31},"end":{"line":13,"column":5}},"line":2},"1":{"name":"(anonymous_1)","decl":{"start":{"line":15,"column":4},"end":{"line":15,"column":5}},"loc":{"start":{"line":15,"column":51},"end":{"line":31,"column":5}},"line":15},"2":{"name":"(anonymous_2)","decl":{"start":{"line":33,"column":4},"end":{"line":33,"column":5}},"loc":{"start":{"line":33,"column":38},"end":{"line":42,"column":5}},"line":33}},"branchMap":{"0":{"loc":{"start":{"line":22,"column":8},"end":{"line":30,"column":9}},"type":"if","locations":[{"start":{"line":22,"column":8},"end":{"line":30,"column":9}},{"start":{"line":24,"column":15},"end":{"line":30,"column":9}}],"line":22},"1":{"loc":{"start":{"line":24,"column":15},"end":{"line":30,"column":9}},"type":"if","locations":[{"start":{"line":24,"column":15},"end":{"line":30,"column":9}},{"start":{"line":26,"column":15},"end":{"line":30,"column":9}}],"line":24},"2":{"loc":{"start":{"line":24,"column":19},"end":{"line":24,"column":87}},"type":"binary-expr","locations":[{"start":{"line":24,"column":19},"end":{"line":24,"column":50}},{"start":{"line":24,"column":54},"end":{"line":24,"column":87}}],"line":24},"3":{"loc":{"start":{"line":26,"column":15},"end":{"line":30,"column":9}},"type":"if","locations":[{"start":{"line":26,"column":15},"end":{"line":30,"column":9}},{"start":{"line":28,"column":15},"end":{"line":30,"column":9}}],"line":26},"4":{"loc":{"start":{"line":26,"column":19},"end":{"line":26,"column":87}},"type":"binary-expr","locations":[{"start":{"line":26,"column":19},"end":{"line":26,"column":50}},{"start":{"line":26,"column":54},"end":{"line":26,"column":87}}],"line":26},"5":{"loc":{"start":{"line":35,"column":8},"end":{"line":41,"column":9}},"type":"if","locations":[{"start":{"line":35,"column":8},"end":{"line":41,"column":9}},{"start":{"line":37,"column":15},"end":{"line":41,"column":9}}],"line":35},"6":{"loc":{"start":{"line":37,"column":15},"end":{"line":41,"column":9}},"type":"if","locations":[{"start":{"line":37,"column":15},"end":{"line":41,"column":9}},{"start":{"line":39,"column":15},"end":{"line":41,"column":9}}],"line":37}},"s":{"0":21,"1":30,"2":30,"3":30,"4":30,"5":10,"6":20,"7":6,"8":14,"9":9,"10":5,"11":24,"12":9,"13":15,"14":5,"15":10,"16":2},"f":{"0":21,"1":30,"2":24},"b":{"0":[10,20],"1":[6,14],"2":[20,13],"3":[9,5],"4":[14,12],"5":[9,15],"6":[5,10]},"_coverageSchema":"1a1c01bbd47fc00a2c39e90264f33305004495a9","hash":"bd6090cf260aae28b9535501622b7308afd66302"}
,"/Users/juliaveenkamp/Dev/JavaScript/Rock-Paper-Scissors/src/play.js": {"path":"/Users/juliaveenkamp/Dev/JavaScript/Rock-Paper-Scissors/src/play.js","statementMap":{"0":{"start":{"line":3,"column":8},"end":{"line":3,"column":25}},"1":{"start":{"line":4,"column":8},"end":{"line":4,"column":39}},"2":{"start":{"line":5,"column":8},"end":{"line":5,"column":36}},"3":{"start":{"line":9,"column":8},"end":{"line":11,"column":9}},"4":{"start":{"line":10,"column":12},"end":{"line":10,"column":53}},"5":{"start":{"line":12,"column":8},"end":{"line":12,"column":53}},"6":{"start":{"line":13,"column":24},"end":{"line":13,"column":72}},"7":{"start":{"line":14,"column":8},"end":{"line":14,"column":47}},"8":{"start":{"line":15,"column":8},"end":{"line":15,"column":38}},"9":{"start":{"line":19,"column":24},"end":{"line":19,"column":59}},"10":{"start":{"line":20,"column":8},"end":{"line":22,"column":11}},"11":{"start":{"line":21,"column":12},"end":{"line":21,"column":86}},"12":{"start":{"line":21,"column":51},"end":{"line":21,"column":84}},"13":{"start":{"line":26,"column":8},"end":{"line":26,"column":80}},"14":{"start":{"line":27,"column":8},"end":{"line":27,"column":84}},"15":{"start":{"line":28,"column":8},"end":{"line":28,"column":82}},"16":{"start":{"line":29,"column":8},"end":{"line":29,"column":86}},"17":{"start":{"line":30,"column":8},"end":{"line":30,"column":71}},"18":{"start":{"line":31,"column":8},"end":{"line":31,"column":68}},"19":{"start":{"line":32,"column":8},"end":{"line":32,"column":80}},"20":{"start":{"line":37,"column":8},"end":{"line":46,"column":9}},"21":{"start":{"line":38,"column":12},"end":{"line":38,"column":71}},"22":{"start":{"line":39,"column":12},"end":{"line":39,"column":75}},"23":{"start":{"line":40,"column":15},"end":{"line":46,"column":9}},"24":{"start":{"line":41,"column":12},"end":{"line":41,"column":73}},"25":{"start":{"line":42,"column":12},"end":{"line":42,"column":73}},"26":{"start":{"line":44,"column":12},"end":{"line":44,"column":75}},"27":{"start":{"line":45,"column":12},"end":{"line":45,"column":73}},"28":{"start":{"line":49,"column":8},"end":{"line":58,"column":9}},"29":{"start":{"line":50,"column":12},"end":{"line":50,"column":72}},"30":{"start":{"line":51,"column":12},"end":{"line":51,"column":76}},"31":{"start":{"line":52,"column":15},"end":{"line":58,"column":9}},"32":{"start":{"line":53,"column":12},"end":{"line":53,"column":74}},"33":{"start":{"line":54,"column":12},"end":{"line":54,"column":74}},"34":{"start":{"line":56,"column":12},"end":{"line":56,"column":74}},"35":{"start":{"line":57,"column":12},"end":{"line":57,"column":76}},"36":{"start":{"line":63,"column":0},"end":{"line":67,"column":3}},"37":{"start":{"line":64,"column":17},"end":{"line":64,"column":27}},"38":{"start":{"line":65,"column":24},"end":{"line":65,"column":41}},"39":{"start":{"line":66,"column":23},"end":{"line":66,"column":56}},"40":{"start":{"line":69,"column":0},"end":{"line":69,"column":28}}},"fnMap":{"0":{"name":"(anonymous_0)","decl":{"start":{"line":2,"column":4},"end":{"line":2,"column":5}},"loc":{"start":{"line":2,"column":35},"end":{"line":6,"column":5}},"line":2},"1":{"name":"(anonymous_1)","decl":{"start":{"line":8,"column":4},"end":{"line":8,"column":5}},"loc":{"start":{"line":8,"column":53},"end":{"line":16,"column":5}},"line":8},"2":{"name":"(anonymous_2)","decl":{"start":{"line":18,"column":4},"end":{"line":18,"column":5}},"loc":{"start":{"line":18,"column":27},"end":{"line":23,"column":5}},"line":18},"3":{"name":"(anonymous_3)","decl":{"start":{"line":20,"column":24},"end":{"line":20,"column":25}},"loc":{"start":{"line":20,"column":34},"end":{"line":22,"column":9}},"line":20},"4":{"name":"(anonymous_4)","decl":{"start":{"line":21,"column":45},"end":{"line":21,"column":46}},"loc":{"start":{"line":21,"column":51},"end":{"line":21,"column":84}},"line":21},"5":{"name":"(anonymous_5)","decl":{"start":{"line":25,"column":4},"end":{"line":25,"column":5}},"loc":{"start":{"line":25,"column":38},"end":{"line":33,"column":5}},"line":25},"6":{"name":"(anonymous_6)","decl":{"start":{"line":35,"column":4},"end":{"line":35,"column":5}},"loc":{"start":{"line":35,"column":29},"end":{"line":59,"column":5}},"line":35},"7":{"name":"(anonymous_7)","decl":{"start":{"line":63,"column":46},"end":{"line":63,"column":47}},"loc":{"start":{"line":63,"column":52},"end":{"line":67,"column":1}},"line":63}},"branchMap":{"0":{"loc":{"start":{"line":8,"column":34},"end":{"line":8,"column":51}},"type":"default-arg","locations":[{"start":{"line":8,"column":47},"end":{"line":8,"column":51}}],"line":8},"1":{"loc":{"start":{"line":9,"column":8},"end":{"line":11,"column":9}},"type":"if","locations":[{"start":{"line":9,"column":8},"end":{"line":11,"column":9}},{"start":{},"end":{}}],"line":9},"2":{"loc":{"start":{"line":37,"column":8},"end":{"line":46,"column":9}},"type":"if","locations":[{"start":{"line":37,"column":8},"end":{"line":46,"column":9}},{"start":{"line":40,"column":15},"end":{"line":46,"column":9}}],"line":37},"3":{"loc":{"start":{"line":40,"column":15},"end":{"line":46,"column":9}},"type":"if","locations":[{"start":{"line":40,"column":15},"end":{"line":46,"column":9}},{"start":{"line":43,"column":15},"end":{"line":46,"column":9}}],"line":40},"4":{"loc":{"start":{"line":49,"column":8},"end":{"line":58,"column":9}},"type":"if","locations":[{"start":{"line":49,"column":8},"end":{"line":58,"column":9}},{"start":{"line":52,"column":15},"end":{"line":58,"column":9}}],"line":49},"5":{"loc":{"start":{"line":52,"column":15},"end":{"line":58,"column":9}},"type":"if","locations":[{"start":{"line":52,"column":15},"end":{"line":58,"column":9}},{"start":{"line":55,"column":15},"end":{"line":58,"column":9}}],"line":52}},"s":{"0":10,"1":10,"2":10,"3":18,"4":17,"5":18,"6":18,"7":18,"8":18,"9":10,"10":10,"11":30,"12":17,"13":20,"14":20,"15":20,"16":20,"17":20,"18":20,"19":20,"20":19,"21":4,"22":4,"23":15,"24":8,"25":8,"26":7,"27":7,"28":19,"29":3,"30":3,"31":16,"32":8,"33":8,"34":8,"35":8,"36":1,"37":0,"38":0,"39":0,"40":1},"f":{"0":10,"1":18,"2":10,"3":30,"4":17,"5":20,"6":19,"7":0},"b":{"0":[17],"1":[17,1],"2":[4,15],"3":[8,7],"4":[3,16],"5":[8,8]},"_coverageSchema":"1a1c01bbd47fc00a2c39e90264f33305004495a9","hash":"b44ba3228eea99b55c74e18228c98fcc538f87a6"}
}
