{"/Users/juliaveenkamp/Dev/JavaScript/Rock-Paper-Scissors/src/game.js": {"path":"/Users/juliaveenkamp/Dev/JavaScript/Rock-Paper-Scissors/src/game.js","statementMap":{"0":{"start":{"line":3,"column":8},"end":{"line":3,"column":39}},"1":{"start":{"line":4,"column":8},"end":{"line":4,"column":43}},"2":{"start":{"line":5,"column":8},"end":{"line":5,"column":25}},"3":{"start":{"line":6,"column":8},"end":{"line":6,"column":37}},"4":{"start":{"line":7,"column":8},"end":{"line":7,"column":37}},"5":{"start":{"line":8,"column":8},"end":{"line":8,"column":27}},"6":{"start":{"line":13,"column":8},"end":{"line":13,"column":65}},"7":{"start":{"line":18,"column":8},"end":{"line":24,"column":9}},"8":{"start":{"line":19,"column":12},"end":{"line":19,"column":26}},"9":{"start":{"line":20,"column":15},"end":{"line":24,"column":9}},"10":{"start":{"line":21,"column":12},"end":{"line":21,"column":27}},"11":{"start":{"line":23,"column":12},"end":{"line":23,"column":29}},"12":{"start":{"line":28,"column":8},"end":{"line":28,"column":42}},"13":{"start":{"line":29,"column":8},"end":{"line":29,"column":46}},"14":{"start":{"line":33,"column":8},"end":{"line":39,"column":9}},"15":{"start":{"line":34,"column":12},"end":{"line":34,"column":36}},"16":{"start":{"line":35,"column":15},"end":{"line":39,"column":9}},"17":{"start":{"line":36,"column":12},"end":{"line":36,"column":39}},"18":{"start":{"line":38,"column":12},"end":{"line":38,"column":41}},"19":{"start":{"line":44,"column":8},"end":{"line":86,"column":9}},"20":{"start":{"line":45,"column":12},"end":{"line":45,"column":27}},"21":{"start":{"line":46,"column":12},"end":{"line":46,"column":36}},"22":{"start":{"line":49,"column":13},"end":{"line":86,"column":9}},"23":{"start":{"line":51,"column":12},"end":{"line":59,"column":13}},"24":{"start":{"line":52,"column":16},"end":{"line":52,"column":38}},"25":{"start":{"line":53,"column":16},"end":{"line":53,"column":43}},"26":{"start":{"line":57,"column":16},"end":{"line":57,"column":40}},"27":{"start":{"line":58,"column":16},"end":{"line":58,"column":45}},"28":{"start":{"line":62,"column":13},"end":{"line":86,"column":9}},"29":{"start":{"line":64,"column":12},"end":{"line":72,"column":13}},"30":{"start":{"line":65,"column":16},"end":{"line":65,"column":40}},"31":{"start":{"line":66,"column":16},"end":{"line":66,"column":45}},"32":{"start":{"line":70,"column":16},"end":{"line":70,"column":38}},"33":{"start":{"line":71,"column":16},"end":{"line":71,"column":43}},"34":{"start":{"line":77,"column":12},"end":{"line":85,"column":13}},"35":{"start":{"line":78,"column":16},"end":{"line":78,"column":38}},"36":{"start":{"line":79,"column":16},"end":{"line":79,"column":43}},"37":{"start":{"line":83,"column":16},"end":{"line":83,"column":40}},"38":{"start":{"line":84,"column":16},"end":{"line":84,"column":45}},"39":{"start":{"line":91,"column":8},"end":{"line":91,"column":51}},"40":{"start":{"line":92,"column":8},"end":{"line":92,"column":61}},"41":{"start":{"line":93,"column":8},"end":{"line":93,"column":28}},"42":{"start":{"line":98,"column":8},"end":{"line":105,"column":10}},"43":{"start":{"line":109,"column":0},"end":{"line":109,"column":22}}},"fnMap":{"0":{"name":"(anonymous_0)","decl":{"start":{"line":2,"column":4},"end":{"line":2,"column":5}},"loc":{"start":{"line":2,"column":122},"end":{"line":9,"column":5}},"line":2},"1":{"name":"(anonymous_1)","decl":{"start":{"line":12,"column":4},"end":{"line":12,"column":5}},"loc":{"start":{"line":12,"column":20},"end":{"line":14,"column":5}},"line":12},"2":{"name":"(anonymous_2)","decl":{"start":{"line":17,"column":4},"end":{"line":17,"column":5}},"loc":{"start":{"line":17,"column":23},"end":{"line":25,"column":5}},"line":17},"3":{"name":"(anonymous_3)","decl":{"start":{"line":27,"column":4},"end":{"line":27,"column":5}},"loc":{"start":{"line":27,"column":42},"end":{"line":30,"column":5}},"line":27},"4":{"name":"(anonymous_4)","decl":{"start":{"line":32,"column":4},"end":{"line":32,"column":5}},"loc":{"start":{"line":32,"column":19},"end":{"line":40,"column":5}},"line":32},"5":{"name":"(anonymous_5)","decl":{"start":{"line":42,"column":4},"end":{"line":42,"column":5}},"loc":{"start":{"line":42,"column":52},"end":{"line":87,"column":5}},"line":42},"6":{"name":"(anonymous_6)","decl":{"start":{"line":90,"column":4},"end":{"line":90,"column":5}},"loc":{"start":{"line":90,"column":39},"end":{"line":94,"column":5}},"line":90},"7":{"name":"(anonymous_7)","decl":{"start":{"line":97,"column":4},"end":{"line":97,"column":5}},"loc":{"start":{"line":97,"column":15},"end":{"line":106,"column":5}},"line":97}},"branchMap":{"0":{"loc":{"start":{"line":2,"column":16},"end":{"line":2,"column":29}},"type":"default-arg","locations":[{"start":{"line":2,"column":28},"end":{"line":2,"column":29}}],"line":2},"1":{"loc":{"start":{"line":2,"column":31},"end":{"line":2,"column":46}},"type":"default-arg","locations":[{"start":{"line":2,"column":45},"end":{"line":2,"column":46}}],"line":2},"2":{"loc":{"start":{"line":2,"column":48},"end":{"line":2,"column":54}},"type":"default-arg","locations":[{"start":{"line":2,"column":53},"end":{"line":2,"column":54}}],"line":2},"3":{"loc":{"start":{"line":2,"column":56},"end":{"line":2,"column":69}},"type":"default-arg","locations":[{"start":{"line":2,"column":67},"end":{"line":2,"column":69}}],"line":2},"4":{"loc":{"start":{"line":2,"column":71},"end":{"line":2,"column":84}},"type":"default-arg","locations":[{"start":{"line":2,"column":82},"end":{"line":2,"column":84}}],"line":2},"5":{"loc":{"start":{"line":2,"column":86},"end":{"line":2,"column":120}},"type":"default-arg","locations":[{"start":{"line":2,"column":92},"end":{"line":2,"column":120}}],"line":2},"6":{"loc":{"start":{"line":18,"column":8},"end":{"line":24,"column":9}},"type":"if","locations":[{"start":{"line":18,"column":8},"end":{"line":24,"column":9}},{"start":{"line":20,"column":15},"end":{"line":24,"column":9}}],"line":18},"7":{"loc":{"start":{"line":20,"column":15},"end":{"line":24,"column":9}},"type":"if","locations":[{"start":{"line":20,"column":15},"end":{"line":24,"column":9}},{"start":{"line":22,"column":15},"end":{"line":24,"column":9}}],"line":20},"8":{"loc":{"start":{"line":33,"column":8},"end":{"line":39,"column":9}},"type":"if","locations":[{"start":{"line":33,"column":8},"end":{"line":39,"column":9}},{"start":{"line":35,"column":15},"end":{"line":39,"column":9}}],"line":33},"9":{"loc":{"start":{"line":35,"column":15},"end":{"line":39,"column":9}},"type":"if","locations":[{"start":{"line":35,"column":15},"end":{"line":39,"column":9}},{"start":{"line":37,"column":15},"end":{"line":39,"column":9}}],"line":35},"10":{"loc":{"start":{"line":44,"column":8},"end":{"line":86,"column":9}},"type":"if","locations":[{"start":{"line":44,"column":8},"end":{"line":86,"column":9}},{"start":{"line":49,"column":13},"end":{"line":86,"column":9}}],"line":44},"11":{"loc":{"start":{"line":49,"column":13},"end":{"line":86,"column":9}},"type":"if","locations":[{"start":{"line":49,"column":13},"end":{"line":86,"column":9}},{"start":{"line":62,"column":13},"end":{"line":86,"column":9}}],"line":49},"12":{"loc":{"start":{"line":51,"column":12},"end":{"line":59,"column":13}},"type":"if","locations":[{"start":{"line":51,"column":12},"end":{"line":59,"column":13}},{"start":{"line":56,"column":17},"end":{"line":59,"column":13}}],"line":51},"13":{"loc":{"start":{"line":62,"column":13},"end":{"line":86,"column":9}},"type":"if","locations":[{"start":{"line":62,"column":13},"end":{"line":86,"column":9}},{"start":{"line":75,"column":13},"end":{"line":86,"column":9}}],"line":62},"14":{"loc":{"start":{"line":64,"column":12},"end":{"line":72,"column":13}},"type":"if","locations":[{"start":{"line":64,"column":12},"end":{"line":72,"column":13}},{"start":{"line":69,"column":17},"end":{"line":72,"column":13}}],"line":64},"15":{"loc":{"start":{"line":77,"column":12},"end":{"line":85,"column":13}},"type":"if","locations":[{"start":{"line":77,"column":12},"end":{"line":85,"column":13}},{"start":{"line":82,"column":17},"end":{"line":85,"column":13}}],"line":77}},"s":{"0":33,"1":33,"2":33,"3":33,"4":33,"5":33,"6":10,"7":13,"8":2,"9":11,"10":8,"11":3,"12":25,"13":25,"14":22,"15":7,"16":15,"17":8,"18":7,"19":28,"20":8,"21":8,"22":20,"23":7,"24":5,"25":5,"26":2,"27":2,"28":13,"29":9,"30":4,"31":4,"32":5,"33":5,"34":4,"35":1,"36":1,"37":3,"38":3,"39":22,"40":22,"41":22,"42":1,"43":2},"f":{"0":33,"1":10,"2":13,"3":25,"4":22,"5":28,"6":22,"7":1},"b":{"0":[29],"1":[29],"2":[29],"3":[29],"4":[29],"5":[29],"6":[2,11],"7":[8,3],"8":[7,15],"9":[8,7],"10":[8,20],"11":[7,13],"12":[5,2],"13":[9,4],"14":[4,5],"15":[1,3]},"_coverageSchema":"1a1c01bbd47fc00a2c39e90264f33305004495a9","hash":"88cd2ec247b94fe140f0229f56ece2f198b2b37e"}
,"/Users/juliaveenkamp/Dev/JavaScript/Rock-Paper-Scissors/src/htmlupdater.js": {"path":"/Users/juliaveenkamp/Dev/JavaScript/Rock-Paper-Scissors/src/htmlupdater.js","statementMap":{"0":{"start":{"line":3,"column":8},"end":{"line":12,"column":10}},"1":{"start":{"line":17,"column":27},"end":{"line":17,"column":44}},"2":{"start":{"line":18,"column":27},"end":{"line":18,"column":48}},"3":{"start":{"line":19,"column":27},"end":{"line":19,"column":47}},"4":{"start":{"line":22,"column":8},"end":{"line":30,"column":9}},"5":{"start":{"line":23,"column":12},"end":{"line":23,"column":33}},"6":{"start":{"line":24,"column":15},"end":{"line":30,"column":9}},"7":{"start":{"line":25,"column":12},"end":{"line":25,"column":39}},"8":{"start":{"line":26,"column":15},"end":{"line":30,"column":9}},"9":{"start":{"line":27,"column":12},"end":{"line":27,"column":43}},"10":{"start":{"line":29,"column":12},"end":{"line":29,"column":42}},"11":{"start":{"line":35,"column":8},"end":{"line":41,"column":9}},"12":{"start":{"line":36,"column":12},"end":{"line":36,"column":31}},"13":{"start":{"line":37,"column":15},"end":{"line":41,"column":9}},"14":{"start":{"line":38,"column":12},"end":{"line":38,"column":40}},"15":{"start":{"line":40,"column":12},"end":{"line":40,"column":49}},"16":{"start":{"line":45,"column":0},"end":{"line":45,"column":29}}},"fnMap":{"0":{"name":"(anonymous_0)","decl":{"start":{"line":2,"column":4},"end":{"line":2,"column":5}},"loc":{"start":{"line":2,"column":31},"end":{"line":13,"column":5}},"line":2},"1":{"name":"(anonymous_1)","decl":{"start":{"line":15,"column":4},"end":{"line":15,"column":5}},"loc":{"start":{"line":15,"column":51},"end":{"line":31,"column":5}},"line":15},"2":{"name":"(anonymous_2)","decl":{"start":{"line":33,"column":4},"end":{"line":33,"column":5}},"loc":{"start":{"line":33,"column":38},"end":{"line":42,"column":5}},"line":33}},"branchMap":{"0":{"loc":{"start":{"line":22,"column":8},"end":{"line":30,"column":9}},"type":"if","locations":[{"start":{"line":22,"column":8},"end":{"line":30,"column":9}},{"start":{"line":24,"column":15},"end":{"line":30,"column":9}}],"line":22},"1":{"loc":{"start":{"line":24,"column":15},"end":{"line":30,"column":9}},"type":"if","locations":[{"start":{"line":24,"column":15},"end":{"line":30,"column":9}},{"start":{"line":26,"column":15},"end":{"line":30,"column":9}}],"line":24},"2":{"loc":{"start":{"line":24,"column":19},"end":{"line":24,"column":87}},"type":"binary-expr","locations":[{"start":{"line":24,"column":19},"end":{"line":24,"column":50}},{"start":{"line":24,"column":54},"end":{"line":24,"column":87}}],"line":24},"3":{"loc":{"start":{"line":26,"column":15},"end":{"line":30,"column":9}},"type":"if","locations":[{"start":{"line":26,"column":15},"end":{"line":30,"column":9}},{"start":{"line":28,"column":15},"end":{"line":30,"column":9}}],"line":26},"4":{"loc":{"start":{"line":26,"column":19},"end":{"line":26,"column":87}},"type":"binary-expr","locations":[{"start":{"line":26,"column":19},"end":{"line":26,"column":50}},{"start":{"line":26,"column":54},"end":{"line":26,"column":87}}],"line":26},"5":{"loc":{"start":{"line":35,"column":8},"end":{"line":41,"column":9}},"type":"if","locations":[{"start":{"line":35,"column":8},"end":{"line":41,"column":9}},{"start":{"line":37,"column":15},"end":{"line":41,"column":9}}],"line":35},"6":{"loc":{"start":{"line":37,"column":15},"end":{"line":41,"column":9}},"type":"if","locations":[{"start":{"line":37,"column":15},"end":{"line":41,"column":9}},{"start":{"line":39,"column":15},"end":{"line":41,"column":9}}],"line":37}},"s":{"0":3,"1":12,"2":12,"3":12,"4":12,"5":4,"6":8,"7":3,"8":5,"9":3,"10":2,"11":6,"12":2,"13":4,"14":2,"15":2,"16":1},"f":{"0":3,"1":12,"2":6},"b":{"0":[4,8],"1":[3,5],"2":[8,6],"3":[3,2],"4":[5,4],"5":[2,4],"6":[2,2]},"_coverageSchema":"1a1c01bbd47fc00a2c39e90264f33305004495a9","hash":"bd6090cf260aae28b9535501622b7308afd66302"}
,"/Users/juliaveenkamp/Dev/JavaScript/Rock-Paper-Scissors/src/play.js": {"path":"/Users/juliaveenkamp/Dev/JavaScript/Rock-Paper-Scissors/src/play.js","statementMap":{"0":{"start":{"line":3,"column":8},"end":{"line":3,"column":25}},"1":{"start":{"line":4,"column":8},"end":{"line":4,"column":39}},"2":{"start":{"line":5,"column":8},"end":{"line":5,"column":36}},"3":{"start":{"line":9,"column":29},"end":{"line":9,"column":54}},"4":{"start":{"line":10,"column":8},"end":{"line":10,"column":53}},"5":{"start":{"line":11,"column":24},"end":{"line":11,"column":72}},"6":{"start":{"line":12,"column":8},"end":{"line":12,"column":47}},"7":{"start":{"line":13,"column":8},"end":{"line":13,"column":38}},"8":{"start":{"line":17,"column":24},"end":{"line":17,"column":59}},"9":{"start":{"line":18,"column":8},"end":{"line":20,"column":11}},"10":{"start":{"line":19,"column":12},"end":{"line":19,"column":86}},"11":{"start":{"line":19,"column":51},"end":{"line":19,"column":84}},"12":{"start":{"line":24,"column":8},"end":{"line":24,"column":80}},"13":{"start":{"line":25,"column":8},"end":{"line":25,"column":84}},"14":{"start":{"line":26,"column":8},"end":{"line":26,"column":82}},"15":{"start":{"line":27,"column":8},"end":{"line":27,"column":86}},"16":{"start":{"line":28,"column":8},"end":{"line":28,"column":71}},"17":{"start":{"line":29,"column":8},"end":{"line":29,"column":68}},"18":{"start":{"line":30,"column":8},"end":{"line":30,"column":80}},"19":{"start":{"line":35,"column":8},"end":{"line":44,"column":9}},"20":{"start":{"line":36,"column":12},"end":{"line":36,"column":71}},"21":{"start":{"line":37,"column":12},"end":{"line":37,"column":75}},"22":{"start":{"line":38,"column":15},"end":{"line":44,"column":9}},"23":{"start":{"line":39,"column":12},"end":{"line":39,"column":73}},"24":{"start":{"line":40,"column":12},"end":{"line":40,"column":73}},"25":{"start":{"line":42,"column":12},"end":{"line":42,"column":75}},"26":{"start":{"line":43,"column":12},"end":{"line":43,"column":73}},"27":{"start":{"line":47,"column":8},"end":{"line":56,"column":9}},"28":{"start":{"line":48,"column":12},"end":{"line":48,"column":72}},"29":{"start":{"line":49,"column":12},"end":{"line":49,"column":76}},"30":{"start":{"line":50,"column":15},"end":{"line":56,"column":9}},"31":{"start":{"line":51,"column":12},"end":{"line":51,"column":74}},"32":{"start":{"line":52,"column":12},"end":{"line":52,"column":74}},"33":{"start":{"line":54,"column":12},"end":{"line":54,"column":74}},"34":{"start":{"line":55,"column":12},"end":{"line":55,"column":76}},"35":{"start":{"line":61,"column":0},"end":{"line":65,"column":3}},"36":{"start":{"line":62,"column":17},"end":{"line":62,"column":27}},"37":{"start":{"line":63,"column":24},"end":{"line":63,"column":41}},"38":{"start":{"line":64,"column":23},"end":{"line":64,"column":56}},"39":{"start":{"line":67,"column":0},"end":{"line":67,"column":28}}},"fnMap":{"0":{"name":"(anonymous_0)","decl":{"start":{"line":2,"column":4},"end":{"line":2,"column":5}},"loc":{"start":{"line":2,"column":35},"end":{"line":6,"column":5}},"line":2},"1":{"name":"(anonymous_1)","decl":{"start":{"line":8,"column":4},"end":{"line":8,"column":5}},"loc":{"start":{"line":8,"column":34},"end":{"line":14,"column":5}},"line":8},"2":{"name":"(anonymous_2)","decl":{"start":{"line":16,"column":4},"end":{"line":16,"column":5}},"loc":{"start":{"line":16,"column":27},"end":{"line":21,"column":5}},"line":16},"3":{"name":"(anonymous_3)","decl":{"start":{"line":18,"column":24},"end":{"line":18,"column":25}},"loc":{"start":{"line":18,"column":34},"end":{"line":20,"column":9}},"line":18},"4":{"name":"(anonymous_4)","decl":{"start":{"line":19,"column":45},"end":{"line":19,"column":46}},"loc":{"start":{"line":19,"column":51},"end":{"line":19,"column":84}},"line":19},"5":{"name":"(anonymous_5)","decl":{"start":{"line":23,"column":4},"end":{"line":23,"column":5}},"loc":{"start":{"line":23,"column":38},"end":{"line":31,"column":5}},"line":23},"6":{"name":"(anonymous_6)","decl":{"start":{"line":33,"column":4},"end":{"line":33,"column":5}},"loc":{"start":{"line":33,"column":29},"end":{"line":57,"column":5}},"line":33},"7":{"name":"(anonymous_7)","decl":{"start":{"line":61,"column":46},"end":{"line":61,"column":47}},"loc":{"start":{"line":61,"column":52},"end":{"line":65,"column":1}},"line":61}},"branchMap":{"0":{"loc":{"start":{"line":35,"column":8},"end":{"line":44,"column":9}},"type":"if","locations":[{"start":{"line":35,"column":8},"end":{"line":44,"column":9}},{"start":{"line":38,"column":15},"end":{"line":44,"column":9}}],"line":35},"1":{"loc":{"start":{"line":38,"column":15},"end":{"line":44,"column":9}},"type":"if","locations":[{"start":{"line":38,"column":15},"end":{"line":44,"column":9}},{"start":{"line":41,"column":15},"end":{"line":44,"column":9}}],"line":38},"2":{"loc":{"start":{"line":47,"column":8},"end":{"line":56,"column":9}},"type":"if","locations":[{"start":{"line":47,"column":8},"end":{"line":56,"column":9}},{"start":{"line":50,"column":15},"end":{"line":56,"column":9}}],"line":47},"3":{"loc":{"start":{"line":50,"column":15},"end":{"line":56,"column":9}},"type":"if","locations":[{"start":{"line":50,"column":15},"end":{"line":56,"column":9}},{"start":{"line":53,"column":15},"end":{"line":56,"column":9}}],"line":50}},"s":{"0":6,"1":6,"2":6,"3":20,"4":20,"5":20,"6":20,"7":20,"8":6,"9":6,"10":18,"11":20,"12":20,"13":20,"14":20,"15":20,"16":20,"17":20,"18":20,"19":20,"20":20,"21":20,"22":0,"23":0,"24":0,"25":0,"26":0,"27":20,"28":20,"29":20,"30":0,"31":0,"32":0,"33":0,"34":0,"35":1,"36":0,"37":0,"38":0,"39":1},"f":{"0":6,"1":20,"2":6,"3":18,"4":20,"5":20,"6":20,"7":0},"b":{"0":[20,0],"1":[0,0],"2":[20,0],"3":[0,0]},"_coverageSchema":"1a1c01bbd47fc00a2c39e90264f33305004495a9","hash":"f660fa938949fcc97f3415b2c4c8fbf7a556b958"}
}
