TN:
SF:src/game.js
FN:2,(anonymous_0)
FN:12,(anonymous_1)
FN:17,(anonymous_2)
FN:27,(anonymous_3)
FN:32,(anonymous_4)
FN:42,(anonymous_5)
FN:90,(anonymous_6)
FN:97,(anonymous_7)
FNF:8
FNH:8
FNDA:46,(anonymous_0)
FNDA:27,(anonymous_1)
FNDA:30,(anonymous_2)
FNDA:43,(anonymous_3)
FNDA:40,(anonymous_4)
FNDA:49,(anonymous_5)
FNDA:40,(anonymous_6)
FNDA:1,(anonymous_7)
DA:3,46
DA:4,46
DA:5,46
DA:6,46
DA:7,46
DA:8,46
DA:13,27
DA:18,30
DA:19,14
DA:20,16
DA:21,11
DA:23,5
DA:28,43
DA:29,43
DA:33,40
DA:34,14
DA:35,26
DA:36,12
DA:38,14
DA:44,49
DA:45,14
DA:46,14
DA:49,35
DA:51,11
DA:52,6
DA:53,6
DA:57,5
DA:58,5
DA:62,24
DA:64,12
DA:65,5
DA:66,5
DA:70,7
DA:71,7
DA:77,12
DA:78,5
DA:79,5
DA:83,7
DA:84,7
DA:91,40
DA:92,40
DA:93,40
DA:98,1
DA:109,3
LF:44
LH:44
BRDA:2,0,0,41
BRDA:2,1,0,41
BRDA:2,2,0,41
BRDA:2,3,0,41
BRDA:2,4,0,41
BRDA:2,5,0,41
BRDA:18,6,0,14
BRDA:18,6,1,16
BRDA:20,7,0,11
BRDA:20,7,1,5
BRDA:33,8,0,14
BRDA:33,8,1,26
BRDA:35,9,0,12
BRDA:35,9,1,14
BRDA:44,10,0,14
BRDA:44,10,1,35
BRDA:49,11,0,11
BRDA:49,11,1,24
BRDA:51,12,0,6
BRDA:51,12,1,5
BRDA:62,13,0,12
BRDA:62,13,1,12
BRDA:64,14,0,5
BRDA:64,14,1,7
BRDA:77,15,0,5
BRDA:77,15,1,7
BRF:26
BRH:26
end_of_record
TN:
SF:src/htmlupdater.js
FN:2,(anonymous_0)
FN:15,(anonymous_1)
FN:33,(anonymous_2)
FNF:3
FNH:3
FNDA:21,(anonymous_0)
FNDA:30,(anonymous_1)
FNDA:24,(anonymous_2)
DA:3,21
DA:17,30
DA:18,30
DA:19,30
DA:22,30
DA:23,10
DA:24,20
DA:25,7
DA:26,13
DA:27,7
DA:29,6
DA:35,24
DA:36,9
DA:37,15
DA:38,6
DA:40,9
DA:45,2
LF:17
LH:17
BRDA:22,0,0,10
BRDA:22,0,1,20
BRDA:24,1,0,7
BRDA:24,1,1,13
BRDA:24,2,0,20
BRDA:24,2,1,12
BRDA:26,3,0,7
BRDA:26,3,1,6
BRDA:26,4,0,13
BRDA:26,4,1,11
BRDA:35,5,0,9
BRDA:35,5,1,15
BRDA:37,6,0,6
BRDA:37,6,1,9
BRF:14
BRH:14
end_of_record
TN:
SF:src/play.js
FN:2,(anonymous_0)
FN:8,(anonymous_1)
FN:18,(anonymous_2)
FN:20,(anonymous_3)
FN:21,(anonymous_4)
FN:25,(anonymous_5)
FN:35,(anonymous_6)
FN:63,(anonymous_7)
FNF:8
FNH:7
FNDA:10,(anonymous_0)
FNDA:18,(anonymous_1)
FNDA:10,(anonymous_2)
FNDA:30,(anonymous_3)
FNDA:17,(anonymous_4)
FNDA:20,(anonymous_5)
FNDA:19,(anonymous_6)
FNDA:0,(anonymous_7)
DA:3,10
DA:4,10
DA:5,10
DA:9,18
DA:10,17
DA:12,18
DA:13,18
DA:14,18
DA:15,18
DA:19,10
DA:20,10
DA:21,30
DA:26,20
DA:27,20
DA:28,20
DA:29,20
DA:30,20
DA:31,20
DA:32,20
DA:37,19
DA:38,6
DA:39,6
DA:40,13
DA:41,6
DA:42,6
DA:44,7
DA:45,7
DA:49,19
DA:50,4
DA:51,4
DA:52,15
DA:53,7
DA:54,7
DA:56,8
DA:57,8
DA:63,1
DA:64,0
DA:65,0
DA:66,0
DA:69,1
LF:40
LH:37
BRDA:8,0,0,17
BRDA:9,1,0,17
BRDA:9,1,1,1
BRDA:37,2,0,6
BRDA:37,2,1,13
BRDA:40,3,0,6
BRDA:40,3,1,7
BRDA:49,4,0,4
BRDA:49,4,1,15
BRDA:52,5,0,7
BRDA:52,5,1,8
BRF:11
BRH:11
end_of_record
